e:\code\主控卡驱动和寄存器手册\test\mastercarddriver\mastercarddriver\kerneldriver\x64\release\vc142.pdb
e:\code\主控卡驱动和寄存器手册\test\mastercarddriver\mastercarddriver\kerneldriver\x64\release\queue.obj
e:\code\主控卡驱动和寄存器手册\test\mastercarddriver\mastercarddriver\kerneldriver\x64\release\isrdpc.obj
e:\code\主控卡驱动和寄存器手册\test\mastercarddriver\mastercarddriver\kerneldriver\x64\release\driver.obj
e:\code\主控卡驱动和寄存器手册\test\mastercarddriver\mastercarddriver\kerneldriver\x64\release\device.obj
e:\code\主控卡驱动和寄存器手册\test\mastercarddriver\mastercarddriver\x64\release\mastercard\mastercarddriver.cat
e:\code\主控卡驱动和寄存器手册\test\mastercarddriver\mastercarddriver\x64\release\mastercarddriver.sys
e:\code\主控卡驱动和寄存器手册\test\mastercarddriver\mastercarddriver\x64\release\mastercarddriver.pdb
e:\code\主控卡驱动和寄存器手册\test\mastercarddriver\mastercarddriver\kerneldriver\x64\release\mastercarddriver.inf
e:\code\主控卡驱动和寄存器手册\test\mastercarddriver\mastercarddriver\kerneldriver\x64\release\device.tmh
e:\code\主控卡驱动和寄存器手册\test\mastercarddriver\mastercarddriver\kerneldriver\x64\release\driver.tmh
e:\code\主控卡驱动和寄存器手册\test\mastercarddriver\mastercarddriver\kerneldriver\x64\release\isrdpc.tmh
e:\code\主控卡驱动和寄存器手册\test\mastercarddriver\mastercarddriver\kerneldriver\x64\release\queue.tmh
e:\code\主控卡驱动和寄存器手册\test\mastercarddriver\mastercarddriver\x64\release\mastercarddriver.cer
e:\code\主控卡驱动和寄存器手册\test\mastercarddriver\mastercarddriver\x64\release\mastercarddriver.inf
e:\code\主控卡驱动和寄存器手册\test\mastercarddriver\mastercarddriver\kerneldriver\x64\release\mastercard.tlog\cl.command.1.tlog
e:\code\主控卡驱动和寄存器手册\test\mastercarddriver\mastercarddriver\kerneldriver\x64\release\mastercard.tlog\cl.read.1.tlog
e:\code\主控卡驱动和寄存器手册\test\mastercarddriver\mastercarddriver\kerneldriver\x64\release\mastercard.tlog\cl.write.1.tlog
e:\code\主控卡驱动和寄存器手册\test\mastercarddriver\mastercarddriver\kerneldriver\x64\release\mastercard.tlog\inf2cat-expand.3196.read.1.tlog
e:\code\主控卡驱动和寄存器手册\test\mastercarddriver\mastercarddriver\kerneldriver\x64\release\mastercard.tlog\inf2cat-expand.3196.write.1.tlog
e:\code\主控卡驱动和寄存器手册\test\mastercarddriver\mastercarddriver\kerneldriver\x64\release\mastercard.tlog\inf2cat-expand.read.1.tlog
e:\code\主控卡驱动和寄存器手册\test\mastercarddriver\mastercarddriver\kerneldriver\x64\release\mastercard.tlog\inf2cat-expand.write.1.tlog
e:\code\主控卡驱动和寄存器手册\test\mastercarddriver\mastercarddriver\kerneldriver\x64\release\mastercard.tlog\inf2cat.command.1.tlog
e:\code\主控卡驱动和寄存器手册\test\mastercarddriver\mastercarddriver\kerneldriver\x64\release\mastercard.tlog\inf2cat.read.1.tlog
e:\code\主控卡驱动和寄存器手册\test\mastercarddriver\mastercarddriver\kerneldriver\x64\release\mastercard.tlog\inf2cat.write.1.tlog
e:\code\主控卡驱动和寄存器手册\test\mastercarddriver\mastercarddriver\kerneldriver\x64\release\mastercard.tlog\link.command.1.tlog
e:\code\主控卡驱动和寄存器手册\test\mastercarddriver\mastercarddriver\kerneldriver\x64\release\mastercard.tlog\link.read.1.tlog
e:\code\主控卡驱动和寄存器手册\test\mastercarddriver\mastercarddriver\kerneldriver\x64\release\mastercard.tlog\link.write.1.tlog
e:\code\主控卡驱动和寄存器手册\test\mastercarddriver\mastercarddriver\kerneldriver\x64\release\mastercard.tlog\signtool.command.1.tlog
e:\code\主控卡驱动和寄存器手册\test\mastercarddriver\mastercarddriver\kerneldriver\x64\release\mastercard.tlog\signtool.read.1.tlog
e:\code\主控卡驱动和寄存器手册\test\mastercarddriver\mastercarddriver\kerneldriver\x64\release\mastercard.tlog\signtool.timestamp.1.tlog
e:\code\主控卡驱动和寄存器手册\test\mastercarddriver\mastercarddriver\kerneldriver\x64\release\mastercard.tlog\signtool.write.1.tlog
e:\code\主控卡驱动和寄存器手册\test\mastercarddriver\mastercarddriver\kerneldriver\x64\release\mastercard.tlog\stampinf.command.1.tlog
e:\code\主控卡驱动和寄存器手册\test\mastercarddriver\mastercarddriver\kerneldriver\x64\release\mastercard.tlog\stampinf.read.1.tlog
e:\code\主控卡驱动和寄存器手册\test\mastercarddriver\mastercarddriver\kerneldriver\x64\release\mastercard.tlog\stampinf.write.1.tlog
e:\code\主控卡驱动和寄存器手册\test\mastercarddriver\mastercarddriver\kerneldriver\x64\release\mastercard.tlog\tracewpp.command.1.tlog
e:\code\主控卡驱动和寄存器手册\test\mastercarddriver\mastercarddriver\kerneldriver\x64\release\mastercard.tlog\tracewpp.read.1.tlog
e:\code\主控卡驱动和寄存器手册\test\mastercarddriver\mastercarddriver\kerneldriver\x64\release\mastercard.tlog\tracewpp.write.1.tlog
