  Building 'MasterCard' with toolset 'WindowsKernelModeDriver10.0' and the 'Universal' target platform.
  Stamping x64\Release\MasterCardDriver.inf
  Stamping [Version] section with DriverVer=12/19/2024,22.0.5.420
E:\code\主控卡驱动和寄存器手册\test\MasterCardDriver\MasterCardDriver\KernelDriver\MasterCardDriver.inf(5-5): warning 1324: [Version] section should specify PnpLockdown=1.
  Device.c
E:\code\主控卡驱动和寄存器手册\test\MasterCardDriver\MasterCardDriver\KernelDriver\Device.c(223,32): warning C4267: “函数”: 从“size_t”转换到“ULONG”，可能丢失数据
E:\code\主控卡驱动和寄存器手册\test\MasterCardDriver\MasterCardDriver\KernelDriver\Device.c(235,31): warning C4267: “函数”: 从“size_t”转换到“ULONG”，可能丢失数据
E:\code\主控卡驱动和寄存器手册\test\MasterCardDriver\MasterCardDriver\KernelDriver\Device.c(61,24): warning C4101: “attributes”: 未引用的局部变量
E:\code\主控卡驱动和寄存器手册\test\MasterCardDriver\MasterCardDriver\KernelDriver\Device.c(62,14): warning C4101: “dteCount”: 未引用的局部变量
E:\code\主控卡驱动和寄存器手册\test\MasterCardDriver\MasterCardDriver\KernelDriver\Device.c(761,7): warning C4189: “pData32”: 局部变量已初始化但不引用
E:\code\主控卡驱动和寄存器手册\test\MasterCardDriver\MasterCardDriver\KernelDriver\Device.c(892,17): warning C4100: “ResourceListTranslated”: 未引用的形参
  Driver.c
E:\code\主控卡驱动和寄存器手册\test\MasterCardDriver\MasterCardDriver\KernelDriver\Driver.c(172,14): warning C4100: “DebugPrintLevel”: 未引用的形参
E:\code\主控卡驱动和寄存器手册\test\MasterCardDriver\MasterCardDriver\KernelDriver\Driver.c(197,11): warning C4101: “status”: 未引用的局部变量
E:\code\主控卡驱动和寄存器手册\test\MasterCardDriver\MasterCardDriver\KernelDriver\Driver.c(196,13): warning C4101: “debugMessageBuffer”: 未引用的局部变量
  IsrDpc.c
E:\code\主控卡驱动和寄存器手册\test\MasterCardDriver\MasterCardDriver\KernelDriver\IsrDpc.c(211,42): warning C4047: “函数”:“volatile UCHAR *”与“PUCHAR *”的间接级别不同
E:\code\主控卡驱动和寄存器手册\test\MasterCardDriver\MasterCardDriver\KernelDriver\IsrDpc.c(211,33): warning C4024: “WRITE_REGISTER_UCHAR”: 形参和实参 1 的类型不同
E:\code\主控卡驱动和寄存器手册\test\MasterCardDriver\MasterCardDriver\KernelDriver\IsrDpc.c(121,17): warning C4189: “tmpIntCount”: 局部变量已初始化但不引用
E:\code\主控卡驱动和寄存器手册\test\MasterCardDriver\MasterCardDriver\KernelDriver\IsrDpc.c(277,22): warning C4101: “status”: 未引用的局部变量
E:\code\主控卡驱动和寄存器手册\test\MasterCardDriver\MasterCardDriver\KernelDriver\IsrDpc.c(281,22): warning C4189: “readInterrupt”: 局部变量已初始化但不引用
E:\code\主控卡驱动和寄存器手册\test\MasterCardDriver\MasterCardDriver\KernelDriver\IsrDpc.c(280,22): warning C4189: “writeInterrupt”: 局部变量已初始化但不引用
E:\code\主控卡驱动和寄存器手册\test\MasterCardDriver\MasterCardDriver\KernelDriver\IsrDpc.c(278,22): warning C4101: “dmaTransaction”: 未引用的局部变量
  Queue.c
E:\code\主控卡驱动和寄存器手册\test\MasterCardDriver\MasterCardDriver\KernelDriver\Queue.c(158,58): warning C4267: “=”: 从“size_t”转换到“unsigned long”，可能丢失数据
E:\code\主控卡驱动和寄存器手册\test\MasterCardDriver\MasterCardDriver\KernelDriver\Queue.c(125,11): warning C4189: “ntStatus”: 局部变量已初始化但不引用
E:\code\主控卡驱动和寄存器手册\test\MasterCardDriver\MasterCardDriver\KernelDriver\Queue.c(124,12): warning C4189: “Device”: 局部变量已初始化但不引用
E:\code\主控卡驱动和寄存器手册\test\MasterCardDriver\MasterCardDriver\KernelDriver\Queue.c(186,3): warning C4033: “MasterCardGetReadBufWork”必须返回值
E:\code\主控卡驱动和寄存器手册\test\MasterCardDriver\MasterCardDriver\KernelDriver\Queue.c(204,3): warning C4033: “MasterCardGetReadBufWork”必须返回值
E:\code\主控卡驱动和寄存器手册\test\MasterCardDriver\MasterCardDriver\KernelDriver\Queue.c(230,12): warning C4101: “outBuffer”: 未引用的局部变量
E:\code\主控卡驱动和寄存器手册\test\MasterCardDriver\MasterCardDriver\KernelDriver\Queue.c(229,19): warning C4101: “txBufferItem”: 未引用的局部变量
E:\code\主控卡驱动和寄存器手册\test\MasterCardDriver\MasterCardDriver\KernelDriver\Queue.c(408,58): warning C4267: “=”: 从“size_t”转换到“unsigned long”，可能丢失数据
E:\code\主控卡驱动和寄存器手册\test\MasterCardDriver\MasterCardDriver\KernelDriver\Queue.c(1030,61): warning C4267: “=”: 从“size_t”转换到“unsigned long”，可能丢失数据
E:\code\主控卡驱动和寄存器手册\test\MasterCardDriver\MasterCardDriver\KernelDriver\Queue.c(1095,60): warning C4267: “=”: 从“size_t”转换到“unsigned long”，可能丢失数据
E:\code\主控卡驱动和寄存器手册\test\MasterCardDriver\MasterCardDriver\KernelDriver\Queue.c(1207,5): warning C4102: “Exit”: 未引用的标签
E:\code\主控卡驱动和寄存器手册\test\MasterCardDriver\MasterCardDriver\KernelDriver\Queue.c(468,13): warning C4101: “AddressOffset”: 未引用的局部变量
E:\code\主控卡驱动和寄存器手册\test\MasterCardDriver\MasterCardDriver\KernelDriver\Queue.c(899,10): warning C4101: “hIOThread”: 未引用的局部变量
E:\code\主控卡驱动和寄存器手册\test\MasterCardDriver\MasterCardDriver\KernelDriver\Queue.c(1131,9): warning C4189: “oldkirql”: 局部变量已初始化但不引用
E:\code\主控卡驱动和寄存器手册\test\MasterCardDriver\MasterCardDriver\KernelDriver\Queue.c(1174,9): warning C4189: “oldkirql”: 局部变量已初始化但不引用
  正在生成代码...
E:\code\主控卡驱动和寄存器手册\test\MasterCardDriver\MasterCardDriver\KernelDriver\Queue.c(222): warning C4715: “MasterCardGetReadBufWork”: 不是所有的控件路径都返回值
  MasterCard.vcxproj -> E:\code\主控卡驱动和寄存器手册\test\MasterCardDriver\MasterCardDriver\x64\Release\masterCardDriver.sys
  Done Adding Additional Store
  Successfully signed: E:\code\\test\MasterCardDriver\MasterCardDriver\x64\Release\masterCardDriver.sys
  
  Driver is 'Universal'.
  ........................
  Signability test complete.
  
  Errors:
  None
  
  Warnings:
  None
  
  Catalog generation complete.
  E:\code\主控卡驱动和寄存器手册\test\MasterCardDriver\MasterCardDriver\x64\Release\MasterCard\mastercarddriver.cat
  Done Adding Additional Store
  Successfully signed: E:\code\\test\MasterCardDriver\MasterCardDriver\x64\Release\MasterCard\mastercarddriver.cat
  
