D:\vs2019\insatter\MSBuild\Microsoft\VC\v160\Microsoft.CppBuild.targets(499,5): warning MSB8004: Output 目录未以斜杠结尾。  此生成实例将添加斜杠，因为必须有这个斜杠才能正确计算 Output 目录。
  HiDrv.cpp
E:\code\主控卡驱动和寄存器手册\test\MasterCardDriver\MasterCardDriver\SourceAPI\HiDrv.cpp(1,1): warning C4819: 该文件包含不能在当前代码页(936)中表示的字符。请将该文件保存为 Unicode 格式以防止数据丢失
E:\code\主控卡驱动和寄存器手册\test\MasterCardDriver\MasterCardDriver\SourceAPI\HiDrv.cpp(39,14): warning C4101: “pDevCtx”: 未引用的局部变量
E:\code\主控卡驱动和寄存器手册\test\MasterCardDriver\MasterCardDriver\SourceAPI\HiDrv.cpp(64,10): warning C4101: “read”: 未引用的局部变量
E:\code\主控卡驱动和寄存器手册\test\MasterCardDriver\MasterCardDriver\SourceAPI\HiDrv.cpp(62,10): warning C4101: “u32INTCSR”: 未引用的局部变量
E:\code\主控卡驱动和寄存器手册\test\MasterCardDriver\MasterCardDriver\SourceAPI\HiDrv.cpp(61,10): warning C4101: “u32DMAMODE”: 未引用的局部变量
E:\code\主控卡驱动和寄存器手册\test\MasterCardDriver\MasterCardDriver\SourceAPI\HiDrv.cpp(94,9): warning C4101: “dfm”: 未引用的局部变量
E:\code\主控卡驱动和寄存器手册\test\MasterCardDriver\MasterCardDriver\SourceAPI\HiDrv.cpp(92,23): warning C4101: “nFreq1”: 未引用的局部变量
E:\code\主控卡驱动和寄存器手册\test\MasterCardDriver\MasterCardDriver\SourceAPI\HiDrv.cpp(95,9): warning C4101: “dfm1”: 未引用的局部变量
E:\code\主控卡驱动和寄存器手册\test\MasterCardDriver\MasterCardDriver\SourceAPI\HiDrv.cpp(93,22): warning C4101: “qt3”: 未引用的局部变量
E:\code\主控卡驱动和寄存器手册\test\MasterCardDriver\MasterCardDriver\SourceAPI\HiDrv.cpp(95,15): warning C4101: “dff1”: 未引用的局部变量
E:\code\主控卡驱动和寄存器手册\test\MasterCardDriver\MasterCardDriver\SourceAPI\HiDrv.cpp(90,16): warning C4101: “litmp”: 未引用的局部变量
E:\code\主控卡驱动和寄存器手册\test\MasterCardDriver\MasterCardDriver\SourceAPI\HiDrv.cpp(94,14): warning C4101: “dff”: 未引用的局部变量
E:\code\主控卡驱动和寄存器手册\test\MasterCardDriver\MasterCardDriver\SourceAPI\HiDrv.cpp(95,21): warning C4101: “dft1”: 未引用的局部变量
E:\code\主控卡驱动和寄存器手册\test\MasterCardDriver\MasterCardDriver\SourceAPI\HiDrv.cpp(91,16): warning C4101: “nLastTime2”: 未引用的局部变量
E:\code\主控卡驱动和寄存器手册\test\MasterCardDriver\MasterCardDriver\SourceAPI\HiDrv.cpp(93,17): warning C4101: “qt2”: 未引用的局部变量
E:\code\主控卡驱动和寄存器手册\test\MasterCardDriver\MasterCardDriver\SourceAPI\HiDrv.cpp(92,16): warning C4101: “nFreq”: 未引用的局部变量
E:\code\主控卡驱动和寄存器手册\test\MasterCardDriver\MasterCardDriver\SourceAPI\HiDrv.cpp(93,12): warning C4101: “qt1”: 未引用的局部变量
E:\code\主控卡驱动和寄存器手册\test\MasterCardDriver\MasterCardDriver\SourceAPI\HiDrv.cpp(94,19): warning C4101: “dft”: 未引用的局部变量
E:\code\主控卡驱动和寄存器手册\test\MasterCardDriver\MasterCardDriver\SourceAPI\HiDrv.cpp(120,21): warning C4101: “offset”: 未引用的局部变量
E:\code\主控卡驱动和寄存器手册\test\MasterCardDriver\MasterCardDriver\SourceAPI\HiDrv.cpp(120,10): warning C4101: “intEnable”: 未引用的局部变量
E:\code\主控卡驱动和寄存器手册\test\MasterCardDriver\MasterCardDriver\SourceAPI\HiDrv.cpp(168,10): warning C4101: “offset”: 未引用的局部变量
E:\code\主控卡驱动和寄存器手册\test\MasterCardDriver\MasterCardDriver\SourceAPI\HiDrv.cpp(295,6): warning C4267: “参数”: 从“size_t”转换到“int”，可能丢失数据
E:\code\主控卡驱动和寄存器手册\test\MasterCardDriver\MasterCardDriver\SourceAPI\HiDrv.cpp(1028,20): warning C4018: “<”: 有符号/无符号不匹配
E:\code\主控卡驱动和寄存器手册\test\MasterCardDriver\MasterCardDriver\SourceAPI\HiDrv.cpp(1068,4): warning C4267: “参数”: 从“size_t”转换到“int”，可能丢失数据
E:\code\主控卡驱动和寄存器手册\test\MasterCardDriver\MasterCardDriver\SourceAPI\HiDrv.cpp(1089,49): warning C4477: “swprintf_s”: 格式字符串“%s”需要类型“wchar_t *”的参数，但可变参数 1 拥有了类型“char *”
E:\code\主控卡驱动和寄存器手册\test\MasterCardDriver\MasterCardDriver\SourceAPI\HiDrv.cpp(1089,49): message : 请考虑在格式字符串中使用“%hs”
E:\code\主控卡驱动和寄存器手册\test\MasterCardDriver\MasterCardDriver\SourceAPI\HiDrv.cpp(1089,49): message : 请考虑在格式字符串中使用“%Ts”
E:\code\主控卡驱动和寄存器手册\test\MasterCardDriver\MasterCardDriver\SourceAPI\HiDrv.cpp(1089,49): message : Visual C++ 使用非标准语义时会出现此警告
  HiPCIeMaster.cpp
  正在生成代码...
    正在创建库 ..\lib\MasterCardDriver.lib 和对象 ..\lib\MasterCardDriver.exp
  HR1394Driver.vcxproj -> E:\code\主控卡驱动和寄存器手册\test\MasterCardDriver\MasterCardDriver\lib\MasterCardDriver.dll
